Arguments: 
  C:\Program Files\nodejs\node.exe C:\Program Files (x86)\Yarn\bin\yarn.js add express sequelize-cli sequelize passport passport-google-oauth2 nodemon

PATH: 
  C:\Program Files (x86)\Rockwell Software\RSCommon;C:\windows\system32;C:\windows;C:\windows\System32\Wbem;C:\windows\System32\WindowsPowerShell\v1.0\;C:\windows\System32\OpenSSH\;C:\PROGRA~2\IBM\CLIENT~1;C:\PROGRA~2\IBM\CLIENT~1\Shared;C:\PROGRA~2\IBM\CLIENT~1\Emulator;C:\Program Files\PuTTY\;C:\Program Files\nodejs\;C:\Program Files\Git\cmd;C:\Program Files (x86)\Yarn\bin\;C:\Users\i815\AppData\Local\Microsoft\WindowsApps;;C:\Users\i815\AppData\Local\Programs\Microsoft VS Code\bin;C:\Users\i815\AppData\Roaming\npm;C:\Users\i815\AppData\Local\Yarn\bin

Yarn version: 
  1.22.19

Node version: 
  16.17.0

Platform: 
  win32 x64

Trace: 
  Error: connect ECONNABORTED 104.16.18.35:443
      at TCPConnectWrap.afterConnect [as oncomplete] (node:net:1247:16)

npm manifest: 
  {
    "name": "login-google-express",
    "version": "1.0.0",
    "main": "index.js",
    "author": "Junita",
    "license": "MIT"
  }

yarn manifest: 
  No manifest

Lockfile: 
  No lockfile
